<?xml version="1.0" encoding="UTF-8"?>
<testng-results ignored="0" total="2" passed="2" failed="0" skipped="0">
  <reporter-output>
  </reporter-output>
  <suite started-at="2021-02-23T18:03:51 CET" name="Default suite" finished-at="2021-02-23T18:05:15 CET" duration-ms="84706">
    <groups>
      <group name="cucumber">
        <method signature="AbstractTestNGCucumberTests.runScenario(io.cucumber.testng.PickleWrapper, io.cucumber.testng.FeatureWrapper)[pri:0, instance:testRunner.RunTestNGTest@7880cdf3]" name="runScenario" class="io.cucumber.testng.AbstractTestNGCucumberTests"/>
      </group> <!-- cucumber -->
    </groups>
    <test started-at="2021-02-23T18:03:51 CET" name="Default test" finished-at="2021-02-23T18:05:15 CET" duration-ms="84706">
      <class name="testRunner.RunTestNGTest">
        <test-method is-config="true" signature="setUpClass()[pri:0, instance:testRunner.RunTestNGTest@7880cdf3]" started-at="2021-02-23T18:03:51 CET" name="setUpClass" finished-at="2021-02-23T18:03:51 CET" duration-ms="636" status="PASS">
          <reporter-output>
          </reporter-output>
        </test-method> <!-- setUpClass -->
        <test-method signature="runScenario(io.cucumber.testng.PickleWrapper, io.cucumber.testng.FeatureWrapper)[pri:0, instance:testRunner.RunTestNGTest@7880cdf3]" started-at="2021-02-23T18:03:52 CET" name="runScenario" description="Runs Cucumber Scenarios" data-provider="scenarios" finished-at="2021-02-23T18:04:24 CET" duration-ms="32120" status="PASS">
          <params>
            <param index="0">
              <value>
                <![CDATA["Open page and verify 100 results are displayed"]]>
              </value>
            </param>
            <param index="1">
              <value>
                <![CDATA["Optional[Front end test 1]"]]>
              </value>
            </param>
          </params>
          <reporter-output>
          </reporter-output>
        </test-method> <!-- runScenario -->
        <test-method signature="runScenario(io.cucumber.testng.PickleWrapper, io.cucumber.testng.FeatureWrapper)[pri:0, instance:testRunner.RunTestNGTest@7880cdf3]" started-at="2021-02-23T18:04:24 CET" name="runScenario" description="Runs Cucumber Scenarios" data-provider="scenarios" finished-at="2021-02-23T18:05:15 CET" duration-ms="51784" status="PASS">
          <params>
            <param index="0">
              <value>
                <![CDATA["Open page and filter no more than 5 result and add to watchlist"]]>
              </value>
            </param>
            <param index="1">
              <value>
                <![CDATA["Optional[Front end test 1]"]]>
              </value>
            </param>
          </params>
          <reporter-output>
          </reporter-output>
        </test-method> <!-- runScenario -->
        <test-method is-config="true" signature="tearDownClass()[pri:0, instance:testRunner.RunTestNGTest@7880cdf3]" started-at="2021-02-23T18:05:15 CET" name="tearDownClass" finished-at="2021-02-23T18:05:15 CET" duration-ms="57" status="PASS">
          <reporter-output>
          </reporter-output>
        </test-method> <!-- tearDownClass -->
      </class> <!-- testRunner.RunTestNGTest -->
    </test> <!-- Default test -->
  </suite> <!-- Default suite -->
</testng-results>
